+1000000000.0ns; NODE: 0; POS: x=1438.78, y=807.565, z=0; VEL: x=-1.95702, y=-0.895391, z=0
+1999998596.0ns; NODE: 0; POS: x=1436.82, y=806.67, z=0; VEL: x=0, y=0, z=0
+2000000000.0ns; NODE: 0; POS: x=1436.82, y=806.67, z=0; VEL: x=1.01242, y=-1.70444, z=0
+3000000000.0ns; NODE: 0; POS: x=1437.84, y=804.965, z=0; VEL: x=-2.38625, y=-2.19013, z=0
+3999999869.0ns; NODE: 0; POS: x=1435.45, y=802.775, z=0; VEL: x=0, y=0, z=0
+4000000000.0ns; NODE: 0; POS: x=1435.45, y=802.775, z=0; VEL: x=4.00176, y=-2.17924, z=0
+5000000000.0ns; NODE: 0; POS: x=1439.45, y=800.596, z=0; VEL: x=-1.73517, y=2.77871, z=0
+5999999389.0ns; NODE: 0; POS: x=1437.72, y=803.375, z=0; VEL: x=0, y=0, z=0
+6000000000.0ns; NODE: 0; POS: x=1437.72, y=803.375, z=0; VEL: x=1.26031, y=-6.06268, z=0
+7000000000.0ns; NODE: 0; POS: x=1438.98, y=797.312, z=0; VEL: x=-2.93105, y=-1.25098, z=0
+7999999686.0ns; NODE: 0; POS: x=1436.05, y=796.061, z=0; VEL: x=0, y=0, z=0
+8000000000.0ns; NODE: 0; POS: x=1436.05, y=796.061, z=0; VEL: x=0.21727, y=-3.38902, z=0
+8999999247.0ns; NODE: 0; POS: x=1436.26, y=792.672, z=0; VEL: x=0, y=0, z=0
+9000000000.0ns; NODE: 0; POS: x=1436.26, y=792.672, z=0; VEL: x=-0.58484, y=-3.39211, z=0
+9999999266.0ns; NODE: 0; POS: x=1435.68, y=789.28, z=0; VEL: x=0, y=0, z=0
+10000000000.0ns; NODE: 0; POS: x=1435.68, y=789.28, z=0; VEL: x=-0.362391, y=-2.69613, z=0
+10999998388.0ns; NODE: 0; POS: x=1435.32, y=786.584, z=0; VEL: x=0, y=0, z=0
+11000000000.0ns; NODE: 0; POS: x=1435.32, y=786.584, z=0; VEL: x=-0.41524, y=-3.01249, z=0
+12000000000.0ns; NODE: 0; POS: x=1434.9, y=783.571, z=0; VEL: x=-1.33543, y=-3.30914, z=0
+13000000000.0ns; NODE: 0; POS: x=1433.57, y=780.262, z=0; VEL: x=-1.57407, y=-2.69443, z=0
+14000000000.0ns; NODE: 0; POS: x=1431.99, y=777.568, z=0; VEL: x=-2.06469, y=-2.44818, z=0
+15000000000.0ns; NODE: 0; POS: x=1429.93, y=775.119, z=0; VEL: x=-2.20823, y=-2.43833, z=0
+16000000000.0ns; NODE: 0; POS: x=1427.72, y=772.681, z=0; VEL: x=-2.10542, y=-2.40317, z=0
+17000000000.0ns; NODE: 0; POS: x=1425.61, y=770.278, z=0; VEL: x=-2.1805, y=-2.02554, z=0
+18000000000.0ns; NODE: 0; POS: x=1423.43, y=768.252, z=0; VEL: x=-2.50715, y=-1.99018, z=0
+19000000000.0ns; NODE: 0; POS: x=1420.93, y=766.262, z=0; VEL: x=-2.76542, y=-1.94161, z=0
+20000000000.0ns; NODE: 0; POS: x=1418.16, y=764.321, z=0; VEL: x=-2.916, y=-1.77939, z=0
+21000000000.0ns; NODE: 0; POS: x=1415.24, y=762.541, z=0; VEL: x=-3.07375, y=-1.58545, z=0
+22000000000.0ns; NODE: 0; POS: x=1412.17, y=760.956, z=0; VEL: x=-3.18143, y=-1.28692, z=0
+23000000000.0ns; NODE: 0; POS: x=1408.99, y=759.669, z=0; VEL: x=-3.08132, y=-1.02374, z=0
+24000000000.0ns; NODE: 0; POS: x=1405.91, y=758.645, z=0; VEL: x=-3.09843, y=-0.768482, z=0
+25000000000.0ns; NODE: 0; POS: x=1402.81, y=757.877, z=0; VEL: x=-2.89864, y=-0.518322, z=0
+26000000000.0ns; NODE: 0; POS: x=1399.91, y=757.358, z=0; VEL: x=-3.5668, y=-0.271212, z=0
+27000000000.0ns; NODE: 0; POS: x=1396.34, y=757.087, z=0; VEL: x=-4.02091, y=0.0386989, z=0
+28000000000.0ns; NODE: 0; POS: x=1392.32, y=757.126, z=0; VEL: x=-3.90002, y=0.422259, z=0
+29000000000.0ns; NODE: 0; POS: x=1388.42, y=757.548, z=0; VEL: x=-3.83031, y=0.46846, z=0
+30000000000.0ns; NODE: 0; POS: x=1384.59, y=758.016, z=0; VEL: x=-3.86679, y=0.44189, z=0
+31000000000.0ns; NODE: 0; POS: x=1380.73, y=758.458, z=0; VEL: x=-4.13315, y=0.040341, z=0
+32000000000.0ns; NODE: 0; POS: x=1376.59, y=758.499, z=0; VEL: x=-4.29754, y=-0.0354799, z=0
+33000000000.0ns; NODE: 0; POS: x=1372.29, y=758.463, z=0; VEL: x=-3.91665, y=0.02886, z=0
+33999999842.0ns; NODE: 0; POS: x=1368.38, y=758.492, z=0; VEL: x=0, y=0, z=0
+34000000000.0ns; NODE: 0; POS: x=1368.38, y=758.492, z=0; VEL: x=-3.67891, y=0.10062, z=0
+34999998844.0ns; NODE: 0; POS: x=1364.7, y=758.593, z=0; VEL: x=0, y=0, z=0
+35000000000.0ns; NODE: 0; POS: x=1364.7, y=758.593, z=0; VEL: x=-3.71867, y=0.16583, z=0
+35999998835.0ns; NODE: 0; POS: x=1360.98, y=758.758, z=0; VEL: x=0, y=0, z=0
+36000000000.0ns; NODE: 0; POS: x=1360.98, y=758.758, z=0; VEL: x=-3.94644, y=0.11954, z=0
+37000000000.0ns; NODE: 0; POS: x=1357.03, y=758.878, z=0; VEL: x=-5.93008, y=-0.17811, z=0
+38000000000.0ns; NODE: 0; POS: x=1351.1, y=758.7, z=0; VEL: x=-4.53438, y=0.17042, z=0
+39000000000.0ns; NODE: 0; POS: x=1346.57, y=758.87, z=0; VEL: x=-4.49627, y=0.36648, z=0
+40000000000.0ns; NODE: 0; POS: x=1342.07, y=759.237, z=0; VEL: x=-5.39222, y=-0.503099, z=0
+41000000000.0ns; NODE: 0; POS: x=1336.68, y=758.734, z=0; VEL: x=-5.65139, y=-0.25814, z=0
+42000000000.0ns; NODE: 0; POS: x=1331.03, y=758.476, z=0; VEL: x=-6.18623, y=-0.41867, z=0
+43000000000.0ns; NODE: 0; POS: x=1324.84, y=758.057, z=0; VEL: x=-5.06331, y=-0.38124, z=0
+44000000000.0ns; NODE: 0; POS: x=1319.78, y=757.676, z=0; VEL: x=-5.12786, y=0.274219, z=0
+45000000000.0ns; NODE: 0; POS: x=1314.65, y=757.95, z=0; VEL: x=-3.79528, y=0.11334, z=0
+46000000000.0ns; NODE: 0; POS: x=1310.86, y=758.063, z=0; VEL: x=-4.57993, y=-0.594478, z=0
+47000000000.0ns; NODE: 0; POS: x=1306.28, y=757.469, z=0; VEL: x=-3.62574, y=-0.0179513, z=0
+48000000000.0ns; NODE: 0; POS: x=1302.65, y=757.451, z=0; VEL: x=-4.18537, y=0.158919, z=0
+49000000000.0ns; NODE: 0; POS: x=1298.47, y=757.61, z=0; VEL: x=-1.88445, y=0.450318, z=0
+50000000000.0ns; NODE: 0; POS: x=1296.58, y=758.06, z=0; VEL: x=-2.68539, y=0.483881, z=0
+51000000000.0ns; NODE: 0; POS: x=1293.9, y=758.544, z=0; VEL: x=-2.48176, y=-0.744188, z=0
+52000000000.0ns; NODE: 0; POS: x=1291.41, y=757.8, z=0; VEL: x=-1.84903, y=-0.46817, z=0
+53000000730.0ns; NODE: 0; POS: x=1289.57, y=757.332, z=0; VEL: x=0, y=0, z=0
+66000000000.0ns; NODE: 0; POS: x=1289.57, y=757.332, z=0; VEL: x=-0.074964, y=0.00528396, z=0
+68000000000.0ns; NODE: 0; POS: x=1289.42, y=757.342, z=0; VEL: x=0.0702643, y=0.524444, z=0
+68944833175.0ns; NODE: 0; POS: x=1289.48, y=757.838, z=0; VEL: x=0, y=0, z=0
+70000000000.0ns; NODE: 0; POS: x=1289.48, y=757.838, z=0; VEL: x=0.496546, y=0.170029, z=0
+72000016629.0ns; NODE: 0; POS: x=1290.48, y=758.178, z=0; VEL: x=0, y=0, z=0
+73000000000.0ns; NODE: 0; POS: x=1290.48, y=758.178, z=0; VEL: x=0.345516, y=0.107525, z=0
+76000038889.0ns; NODE: 0; POS: x=1291.51, y=758.5, z=0; VEL: x=0, y=0, z=0
+77000000000.0ns; NODE: 0; POS: x=1291.51, y=758.5, z=0; VEL: x=0.229002, y=0.065263, z=0
+80999966826.0ns; NODE: 0; POS: x=1292.43, y=758.761, z=0; VEL: x=0, y=0, z=0
+85000000000.0ns; NODE: 0; POS: x=1292.43, y=758.761, z=0; VEL: x=0.133733, y=-0.0353654, z=0
+93000202201.0ns; NODE: 0; POS: x=1293.5, y=758.478, z=0; VEL: x=0, y=0, z=0
+104000000000.0ns; NODE: 0; POS: x=1293.5, y=758.478, z=0; VEL: x=0.0448036, y=-0.0245734, z=0
+106000000000.0ns; NODE: 0; POS: x=1293.59, y=758.429, z=0; VEL: x=-0.355659, y=-0.413641, z=0
+106924529474.0ns; NODE: 0; POS: x=1293.26, y=758.047, z=0; VEL: x=0, y=0, z=0
+107000000000.0ns; NODE: 0; POS: x=1293.26, y=758.047, z=0; VEL: x=-2.13722, y=0.01662, z=0
+108000000000.0ns; NODE: 0; POS: x=1291.12, y=758.063, z=0; VEL: x=-2.85708, y=0.0876398, z=0
+109000000000.0ns; NODE: 0; POS: x=1288.26, y=758.151, z=0; VEL: x=-3.38932, y=0.27091, z=0
+110000000000.0ns; NODE: 0; POS: x=1284.87, y=758.422, z=0; VEL: x=-3.33771, y=0.21583, z=0
+111000000000.0ns; NODE: 0; POS: x=1281.54, y=758.638, z=0; VEL: x=-3.93902, y=0.16083, z=0
+112000000000.0ns; NODE: 0; POS: x=1277.6, y=758.799, z=0; VEL: x=-4.37356, y=0.30713, z=0
+113000000000.0ns; NODE: 0; POS: x=1273.22, y=759.106, z=0; VEL: x=-4.45335, y=0.38734, z=0
+114000000000.0ns; NODE: 0; POS: x=1268.77, y=759.493, z=0; VEL: x=-4.33494, y=0.657039, z=0
+115000000000.0ns; NODE: 0; POS: x=1264.44, y=760.15, z=0; VEL: x=-3.9256, y=1.06252, z=0
+116000000000.0ns; NODE: 0; POS: x=1260.51, y=761.213, z=0; VEL: x=-3.30753, y=1.33882, z=0
+117000000000.0ns; NODE: 0; POS: x=1257.2, y=762.552, z=0; VEL: x=-3.19573, y=1.84324, z=0
+118000000000.0ns; NODE: 0; POS: x=1254.01, y=764.395, z=0; VEL: x=-3.5299, y=2.5505, z=0
+119000000000.0ns; NODE: 0; POS: x=1250.48, y=766.945, z=0; VEL: x=-3.10608, y=2.58486, z=0
+120000000000.0ns; NODE: 0; POS: x=1247.37, y=769.53, z=0; VEL: x=-2.75192, y=2.67409, z=0
+121000000000.0ns; NODE: 0; POS: x=1244.62, y=772.204, z=0; VEL: x=-2.65054, y=3.04345, z=0
+122000000000.0ns; NODE: 0; POS: x=1241.97, y=775.248, z=0; VEL: x=-2.39032, y=3.57264, z=0
+123000000000.0ns; NODE: 0; POS: x=1239.58, y=778.82, z=0; VEL: x=-1.97869, y=3.97464, z=0
+124000000000.0ns; NODE: 0; POS: x=1237.6, y=782.795, z=0; VEL: x=-1.58895, y=4.25372, z=0
+125000000000.0ns; NODE: 0; POS: x=1236.01, y=787.049, z=0; VEL: x=-1.20574, y=4.33917, z=0
+126000000000.0ns; NODE: 0; POS: x=1234.81, y=791.388, z=0; VEL: x=-0.838212, y=4.36804, z=0
+127000000000.0ns; NODE: 0; POS: x=1233.97, y=795.756, z=0; VEL: x=-0.361832, y=4.24702, z=0
+128000000000.0ns; NODE: 0; POS: x=1233.61, y=800.003, z=0; VEL: x=0.0648286, y=4.29249, z=0
+129000000000.0ns; NODE: 0; POS: x=1233.67, y=804.295, z=0; VEL: x=0.509228, y=4.11199, z=0
+130000000000.0ns; NODE: 0; POS: x=1234.18, y=808.407, z=0; VEL: x=1.04132, y=3.76455, z=0
+131000000000.0ns; NODE: 0; POS: x=1235.22, y=812.172, z=0; VEL: x=1.42911, y=3.4456, z=0
+132000000000.0ns; NODE: 0; POS: x=1236.65, y=815.618, z=0; VEL: x=1.70968, y=3.18854, z=0
+133000000000.0ns; NODE: 0; POS: x=1238.36, y=818.806, z=0; VEL: x=2.24037, y=3.34577, z=0
+134000000000.0ns; NODE: 0; POS: x=1240.6, y=822.152, z=0; VEL: x=2.44616, y=2.76626, z=0
+135000000000.0ns; NODE: 0; POS: x=1243.05, y=824.918, z=0; VEL: x=2.43632, y=1.90366, z=0
+136000000000.0ns; NODE: 0; POS: x=1245.48, y=826.822, z=0; VEL: x=2.42537, y=0.883892, z=0
+137000000000.0ns; NODE: 0; POS: x=1247.91, y=827.706, z=0; VEL: x=2.50728, y=0.0313328, z=0
+138000000000.0ns; NODE: 0; POS: x=1250.41, y=827.737, z=0; VEL: x=2.30473, y=0.82754, z=0
+138999999817.0ns; NODE: 0; POS: x=1252.72, y=828.565, z=0; VEL: x=0, y=0, z=0
+139000000000.0ns; NODE: 0; POS: x=1252.72, y=828.565, z=0; VEL: x=1.93527, y=1.70001, z=0
+139999999370.0ns; NODE: 0; POS: x=1254.65, y=830.265, z=0; VEL: x=0, y=0, z=0
+140000000000.0ns; NODE: 0; POS: x=1254.65, y=830.265, z=0; VEL: x=1.91856, y=1.37674, z=0
+140999998303.0ns; NODE: 0; POS: x=1256.57, y=831.641, z=0; VEL: x=0, y=0, z=0
+141000000000.0ns; NODE: 0; POS: x=1256.57, y=831.641, z=0; VEL: x=1.77187, y=1.30731, z=0
+141999999889.0ns; NODE: 0; POS: x=1258.35, y=832.949, z=0; VEL: x=0, y=0, z=0
+142000000000.0ns; NODE: 0; POS: x=1258.35, y=832.949, z=0; VEL: x=1.70909, y=1.46477, z=0
+142999998911.0ns; NODE: 0; POS: x=1260.05, y=834.413, z=0; VEL: x=0, y=0, z=0
+143000000000.0ns; NODE: 0; POS: x=1260.05, y=834.413, z=0; VEL: x=2.11743, y=1.31885, z=0
+143999999649.0ns; NODE: 0; POS: x=1262.17, y=835.732, z=0; VEL: x=0, y=0, z=0
+144000000000.0ns; NODE: 0; POS: x=1262.17, y=835.732, z=0; VEL: x=2.38027, y=1.08865, z=0
+145000000000.0ns; NODE: 0; POS: x=1264.55, y=836.821, z=0; VEL: x=2.23096, y=0.453111, z=0
+146000000000.0ns; NODE: 0; POS: x=1266.78, y=837.274, z=0; VEL: x=2.12163, y=-0.17512, z=0
+147000000000.0ns; NODE: 0; POS: x=1268.9, y=837.099, z=0; VEL: x=1.99133, y=-0.352119, z=0
+148000000000.0ns; NODE: 0; POS: x=1270.9, y=836.747, z=0; VEL: x=1.89423, y=-0.31329, z=0
+149000000000.0ns; NODE: 0; POS: x=1272.79, y=836.433, z=0; VEL: x=1.64624, y=-0.224941, z=0
+150000000000.0ns; NODE: 0; POS: x=1274.44, y=836.208, z=0; VEL: x=1.63633, y=-0.0846607, z=0
+151000000000.0ns; NODE: 0; POS: x=1276.07, y=836.124, z=0; VEL: x=1.58665, y=-0.0104602, z=0
+152000000000.0ns; NODE: 0; POS: x=1277.66, y=836.113, z=0; VEL: x=1.52504, y=0.0693496, z=0
+153000000000.0ns; NODE: 0; POS: x=1279.18, y=836.183, z=0; VEL: x=1.35757, y=0.12321, z=0
+154000000000.0ns; NODE: 0; POS: x=1280.54, y=836.306, z=0; VEL: x=0.982456, y=0.160749, z=0
+155000010097.0ns; NODE: 0; POS: x=1281.52, y=836.467, z=0; VEL: x=0, y=0, z=0
+156000000000.0ns; NODE: 0; POS: x=1281.52, y=836.467, z=0; VEL: x=0.466813, y=0.260029, z=0
+158000000000.0ns; NODE: 0; POS: x=1282.46, y=836.987, z=0; VEL: x=0.00339657, y=0.677141, z=0
+159999998210.0ns; NODE: 0; POS: x=1282.46, y=838.341, z=0; VEL: x=0, y=0, z=0
+203000000000.0ns; NODE: 0; POS: x=1282.46, y=838.341, z=0; VEL: x=0.014311, y=-0.0146501, z=0
+204000000000.0ns; NODE: 0; POS: x=1282.48, y=838.326, z=0; VEL: x=1.41466, y=-0.710732, z=0
+205000000000.0ns; NODE: 0; POS: x=1283.89, y=837.616, z=0; VEL: x=1.44679, y=-0.43429, z=0
+206000000000.0ns; NODE: 0; POS: x=1285.34, y=837.181, z=0; VEL: x=1.3937, y=-0.304891, z=0
+207000000000.0ns; NODE: 0; POS: x=1286.73, y=836.876, z=0; VEL: x=1.2059, y=-0.232611, z=0
+208000000000.0ns; NODE: 0; POS: x=1287.94, y=836.644, z=0; VEL: x=1.10263, y=-0.175803, z=0
+209000000000.0ns; NODE: 0; POS: x=1289.04, y=836.468, z=0; VEL: x=1.32184, y=-0.0721319, z=0
+210000000000.0ns; NODE: 0; POS: x=1290.36, y=836.396, z=0; VEL: x=1.90824, y=-0.274916, z=0
+211000000000.0ns; NODE: 0; POS: x=1292.27, y=836.121, z=0; VEL: x=2.10896, y=-0.410531, z=0
+212000000000.0ns; NODE: 0; POS: x=1294.38, y=835.71, z=0; VEL: x=1.54739, y=-0.131014, z=0
+213000000000.0ns; NODE: 0; POS: x=1295.93, y=835.579, z=0; VEL: x=1.65098, y=-0.0490688, z=0
+214000000000.0ns; NODE: 0; POS: x=1297.58, y=835.53, z=0; VEL: x=2.32751, y=0.0412509, z=0
+215000000000.0ns; NODE: 0; POS: x=1299.91, y=835.572, z=0; VEL: x=2.52465, y=0.150913, z=0
+216000000000.0ns; NODE: 0; POS: x=1302.43, y=835.723, z=0; VEL: x=2.38149, y=0.131406, z=0
+217000000000.0ns; NODE: 0; POS: x=1304.81, y=835.854, z=0; VEL: x=2.35749, y=0.109568, z=0
+218000000000.0ns; NODE: 0; POS: x=1307.17, y=835.963, z=0; VEL: x=2.56948, y=0.211761, z=0
+219000000000.0ns; NODE: 0; POS: x=1309.74, y=836.175, z=0; VEL: x=2.89687, y=0.116714, z=0
+220000000000.0ns; NODE: 0; POS: x=1312.64, y=836.292, z=0; VEL: x=2.96161, y=0.0560442, z=0
+221000000000.0ns; NODE: 0; POS: x=1315.6, y=836.348, z=0; VEL: x=3.22133, y=0.0471684, z=0
+222000000000.0ns; NODE: 0; POS: x=1318.82, y=836.395, z=0; VEL: x=3.3847, y=0.0733852, z=0
+223000000000.0ns; NODE: 0; POS: x=1322.21, y=836.469, z=0; VEL: x=3.27458, y=0.0289448, z=0
+224000000000.0ns; NODE: 0; POS: x=1325.48, y=836.498, z=0; VEL: x=3.4299, y=0.0495041, z=0
+225000000000.0ns; NODE: 0; POS: x=1328.91, y=836.547, z=0; VEL: x=3.48027, y=0.0864806, z=0
+226000000000.0ns; NODE: 0; POS: x=1332.39, y=836.634, z=0; VEL: x=3.44569, y=-0.0251801, z=0
+227000000000.0ns; NODE: 0; POS: x=1335.84, y=836.608, z=0; VEL: x=3.25986, y=0.0785954, z=0
+228000000000.0ns; NODE: 0; POS: x=1339.1, y=836.687, z=0; VEL: x=3.14048, y=0.268723, z=0
+229000000000.0ns; NODE: 0; POS: x=1342.24, y=836.956, z=0; VEL: x=3.0429, y=0.324233, z=0
+230000000000.0ns; NODE: 0; POS: x=1345.28, y=837.28, z=0; VEL: x=3.13516, y=0.35354, z=0
+231000000000.0ns; NODE: 0; POS: x=1348.41, y=837.633, z=0; VEL: x=3.03604, y=0.282048, z=0
+232000000000.0ns; NODE: 0; POS: x=1351.45, y=837.915, z=0; VEL: x=3.10245, y=0.17594, z=0
+233000000000.0ns; NODE: 0; POS: x=1354.55, y=838.091, z=0; VEL: x=3.03727, y=0.0162482, z=0
+234000000000.0ns; NODE: 0; POS: x=1357.59, y=838.108, z=0; VEL: x=3.18945, y=0.085369, z=0
+235000000000.0ns; NODE: 0; POS: x=1360.78, y=838.193, z=0; VEL: x=3.34179, y=0.0579517, z=0
+236000000000.0ns; NODE: 0; POS: x=1364.12, y=838.251, z=0; VEL: x=3.27389, y=-0.110947, z=0
+237000000000.0ns; NODE: 0; POS: x=1367.4, y=838.14, z=0; VEL: x=3.30085, y=-0.111949, z=0
+238000000000.0ns; NODE: 0; POS: x=1370.7, y=838.028, z=0; VEL: x=3.27471, y=-0.138415, z=0
+239000000000.0ns; NODE: 0; POS: x=1373.97, y=837.89, z=0; VEL: x=3.2153, y=-0.0841605, z=0
+240000000000.0ns; NODE: 0; POS: x=1377.19, y=837.805, z=0; VEL: x=3.20139, y=-0.0258862, z=0
+241000000000.0ns; NODE: 0; POS: x=1380.39, y=837.78, z=0; VEL: x=3.1915, y=0.0224527, z=0
+242000000000.0ns; NODE: 0; POS: x=1383.58, y=837.802, z=0; VEL: x=3.16492, y=-0.0232763, z=0
+243000000000.0ns; NODE: 0; POS: x=1386.74, y=837.779, z=0; VEL: x=2.81908, y=-0.130864, z=0
+244000000000.0ns; NODE: 0; POS: x=1389.56, y=837.648, z=0; VEL: x=2.41136, y=0.0248983, z=0
+245000000000.0ns; NODE: 0; POS: x=1391.97, y=837.673, z=0; VEL: x=2.46022, y=0.183838, z=0
+246000000000.0ns; NODE: 0; POS: x=1394.43, y=837.857, z=0; VEL: x=2.95703, y=0.0755839, z=0
+247000000000.0ns; NODE: 0; POS: x=1397.39, y=837.932, z=0; VEL: x=2.93189, y=-0.0595503, z=0
+248000000000.0ns; NODE: 0; POS: x=1400.32, y=837.873, z=0; VEL: x=2.86088, y=-0.263004, z=0
+249000000000.0ns; NODE: 0; POS: x=1403.18, y=837.61, z=0; VEL: x=2.64439, y=-0.32242, z=0
+250000000000.0ns; NODE: 0; POS: x=1405.83, y=837.287, z=0; VEL: x=2.95845, y=-0.48851, z=0
+251000000000.0ns; NODE: 0; POS: x=1408.79, y=836.799, z=0; VEL: x=3.01918, y=-0.716828, z=0
+252000000000.0ns; NODE: 0; POS: x=1411.81, y=836.082, z=0; VEL: x=2.6213, y=-0.941769, z=0
+253000000000.0ns; NODE: 0; POS: x=1414.43, y=835.14, z=0; VEL: x=2.21005, y=-1.15851, z=0
+254000000000.0ns; NODE: 0; POS: x=1416.64, y=833.982, z=0; VEL: x=2.217, y=-1.46239, z=0
+255000000000.0ns; NODE: 0; POS: x=1418.85, y=832.519, z=0; VEL: x=2.10077, y=-1.57741, z=0
+256000000000.0ns; NODE: 0; POS: x=1420.96, y=830.942, z=0; VEL: x=1.70526, y=-1.37766, z=0
+257000000000.0ns; NODE: 0; POS: x=1422.66, y=829.564, z=0; VEL: x=1.38194, y=-1.29127, z=0
+258000000000.0ns; NODE: 0; POS: x=1424.04, y=828.273, z=0; VEL: x=0.991224, y=-1.10513, z=0
+259489251131.0ns; NODE: 0; POS: x=1425.52, y=826.627, z=0; VEL: x=0, y=0, z=0
+260000000000.0ns; NODE: 0; POS: x=1425.52, y=826.627, z=0; VEL: x=0.29829, y=-0.68009, z=0
+262000000027.0ns; NODE: 0; POS: x=1426.12, y=825.267, z=0; VEL: x=0, y=0, z=0
+263000000000.0ns; NODE: 0; POS: x=1426.12, y=825.267, z=0; VEL: x=-0.108485, y=-0.308395, z=0
+266000045338.0ns; NODE: 0; POS: x=1425.79, y=824.342, z=0; VEL: x=0, y=0, z=0
+272000000000.0ns; NODE: 0; POS: x=1425.79, y=824.342, z=0; VEL: x=-0.087946, y=-0.0596558, z=0
+280999957424.0ns; NODE: 0; POS: x=1425, y=823.805, z=0; VEL: x=0, y=0, z=0
+312000000000.0ns; NODE: 0; POS: x=1425, y=823.805, z=0; VEL: x=0.0148269, y=-0.02526, z=0
+313000000000.0ns; NODE: 0; POS: x=1425.01, y=823.78, z=0; VEL: x=0.633224, y=-0.978799, z=0
+314000000000.0ns; NODE: 0; POS: x=1425.65, y=822.801, z=0; VEL: x=0.65795, y=-1.16224, z=0
+315000000000.0ns; NODE: 0; POS: x=1426.3, y=821.639, z=0; VEL: x=0.790778, y=-1.5732, z=0
+316000000000.0ns; NODE: 0; POS: x=1427.1, y=820.065, z=0; VEL: x=0.876903, y=-1.7842, z=0
+317000000000.0ns; NODE: 0; POS: x=1427.97, y=818.281, z=0; VEL: x=0.835143, y=-1.70767, z=0
+318000000000.0ns; NODE: 0; POS: x=1428.81, y=816.573, z=0; VEL: x=0.856561, y=-1.56939, z=0
+319000000000.0ns; NODE: 0; POS: x=1429.66, y=815.004, z=0; VEL: x=0.916492, y=-1.55876, z=0
+320000000000.0ns; NODE: 0; POS: x=1430.58, y=813.445, z=0; VEL: x=0.939807, y=-1.70509, z=0
+321000000000.0ns; NODE: 0; POS: x=1431.52, y=811.74, z=0; VEL: x=0.794198, y=-1.92305, z=0
+322000000000.0ns; NODE: 0; POS: x=1432.31, y=809.817, z=0; VEL: x=0.538198, y=-1.88772, z=0
+323000000000.0ns; NODE: 0; POS: x=1432.85, y=807.929, z=0; VEL: x=0.550812, y=-1.94087, z=0
+324000000000.0ns; NODE: 0; POS: x=1433.4, y=805.989, z=0; VEL: x=0.487626, y=-2.15604, z=0
+325000000000.0ns; NODE: 0; POS: x=1433.89, y=803.833, z=0; VEL: x=0.379438, y=-2.26596, z=0
+326000000000.0ns; NODE: 0; POS: x=1434.27, y=801.567, z=0; VEL: x=0.193531, y=-2.40769, z=0
+327000000000.0ns; NODE: 0; POS: x=1434.46, y=799.159, z=0; VEL: x=0.00346028, y=-2.49956, z=0
+328000000000.0ns; NODE: 0; POS: x=1434.47, y=796.659, z=0; VEL: x=-0.226844, y=-2.41601, z=0
+329000000000.0ns; NODE: 0; POS: x=1434.24, y=794.243, z=0; VEL: x=-0.461809, y=-2.38571, z=0
+330000000000.0ns; NODE: 0; POS: x=1433.78, y=791.858, z=0; VEL: x=-0.508857, y=-2.22898, z=0
+331000000000.0ns; NODE: 0; POS: x=1433.27, y=789.629, z=0; VEL: x=-0.572061, y=-2.14335, z=0
+332000000000.0ns; NODE: 0; POS: x=1432.7, y=787.485, z=0; VEL: x=-0.856949, y=-2.34397, z=0
+333000000000.0ns; NODE: 0; POS: x=1431.84, y=785.141, z=0; VEL: x=-1.01658, y=-2.29246, z=0
+334000000000.0ns; NODE: 0; POS: x=1430.82, y=782.849, z=0; VEL: x=-1.22384, y=-2.26755, z=0
+335000000000.0ns; NODE: 0; POS: x=1429.6, y=780.581, z=0; VEL: x=-1.53841, y=-2.42554, z=0
+336000000000.0ns; NODE: 0; POS: x=1428.06, y=778.156, z=0; VEL: x=-1.75326, y=-2.42937, z=0
+337000000000.0ns; NODE: 0; POS: x=1426.31, y=775.726, z=0; VEL: x=-1.78208, y=-2.19507, z=0
+338000000000.0ns; NODE: 0; POS: x=1424.53, y=773.531, z=0; VEL: x=-1.83888, y=-2.01062, z=0
+339000000000.0ns; NODE: 0; POS: x=1422.69, y=771.521, z=0; VEL: x=-1.89032, y=-1.75345, z=0
+340000000000.0ns; NODE: 0; POS: x=1420.8, y=769.767, z=0; VEL: x=-2.20842, y=-1.80657, z=0
+341000000000.0ns; NODE: 0; POS: x=1418.59, y=767.961, z=0; VEL: x=-2.54941, y=-1.8537, z=0
+342000000000.0ns; NODE: 0; POS: x=1416.04, y=766.107, z=0; VEL: x=-2.66266, y=-1.5963, z=0
+343000000000.0ns; NODE: 0; POS: x=1413.38, y=764.511, z=0; VEL: x=-2.98981, y=-1.37443, z=0
+344000000000.0ns; NODE: 0; POS: x=1410.39, y=763.136, z=0; VEL: x=-3.25797, y=-1.20097, z=0
+345000000000.0ns; NODE: 0; POS: x=1407.13, y=761.935, z=0; VEL: x=-3.30508, y=-1.05038, z=0
+346000000000.0ns; NODE: 0; POS: x=1403.82, y=760.885, z=0; VEL: x=-3.39894, y=-0.907938, z=0
+347000000000.0ns; NODE: 0; POS: x=1400.43, y=759.977, z=0; VEL: x=-3.53735, y=-0.637394, z=0
+348000000000.0ns; NODE: 0; POS: x=1396.89, y=759.34, z=0; VEL: x=-3.63304, y=-0.340682, z=0
+349000000000.0ns; NODE: 0; POS: x=1393.25, y=758.999, z=0; VEL: x=-3.62864, y=-0.0318337, z=0
+350000000000.0ns; NODE: 0; POS: x=1389.63, y=758.967, z=0; VEL: x=-3.48397, y=0.213244, z=0
+351000000000.0ns; NODE: 0; POS: x=1386.14, y=759.18, z=0; VEL: x=-3.63975, y=0.273119, z=0
+352000000000.0ns; NODE: 0; POS: x=1382.5, y=759.453, z=0; VEL: x=-3.63717, y=0.220154, z=0
+353000000000.0ns; NODE: 0; POS: x=1378.87, y=759.674, z=0; VEL: x=-3.32548, y=0.278678, z=0
+354000000000.0ns; NODE: 0; POS: x=1375.54, y=759.952, z=0; VEL: x=-3.28438, y=0.000403276, z=0
+355000000000.0ns; NODE: 0; POS: x=1372.26, y=759.953, z=0; VEL: x=-3.01578, y=0.0824549, z=0
+356000000000.0ns; NODE: 0; POS: x=1369.24, y=760.035, z=0; VEL: x=-3.06041, y=0.266675, z=0
+357000000000.0ns; NODE: 0; POS: x=1366.18, y=760.302, z=0; VEL: x=-3.38923, y=0.185704, z=0
+358000000000.0ns; NODE: 0; POS: x=1362.79, y=760.487, z=0; VEL: x=-3.87515, y=-0.0398103, z=0
+359000000000.0ns; NODE: 0; POS: x=1358.91, y=760.448, z=0; VEL: x=-3.51506, y=0.0203789, z=0
+360000000000.0ns; NODE: 0; POS: x=1355.4, y=760.468, z=0; VEL: x=-3.62178, y=-0.110844, z=0
+361000000000.0ns; NODE: 0; POS: x=1351.78, y=760.357, z=0; VEL: x=-3.9486, y=-0.281417, z=0
+362000000000.0ns; NODE: 0; POS: x=1347.83, y=760.076, z=0; VEL: x=-4.1671, y=-0.346661, z=0
+363000000000.0ns; NODE: 0; POS: x=1343.66, y=759.729, z=0; VEL: x=-3.86552, y=-0.268963, z=0
+364000000000.0ns; NODE: 0; POS: x=1339.8, y=759.46, z=0; VEL: x=-4.07758, y=-0.204329, z=0
+365000000000.0ns; NODE: 0; POS: x=1335.72, y=759.256, z=0; VEL: x=-4.34265, y=-0.152061, z=0
+366000000000.0ns; NODE: 0; POS: x=1331.38, y=759.104, z=0; VEL: x=-4.41746, y=-0.0495179, z=0
+367000000000.0ns; NODE: 0; POS: x=1326.96, y=759.054, z=0; VEL: x=-3.77196, y=-0.137087, z=0
+368000000000.0ns; NODE: 0; POS: x=1323.19, y=758.917, z=0; VEL: x=-4.98243, y=-0.118019, z=0
+369000000000.0ns; NODE: 0; POS: x=1318.2, y=758.799, z=0; VEL: x=-6.61734, y=1.9245, z=0
+370000000000.0ns; NODE: 0; POS: x=1311.59, y=760.724, z=0; VEL: x=-5.84147, y=0.526482, z=0
+371000000000.0ns; NODE: 0; POS: x=1305.75, y=761.25, z=0; VEL: x=-4.90798, y=0.0509153, z=0
+372000000000.0ns; NODE: 0; POS: x=1300.84, y=761.301, z=0; VEL: x=-5.82236, y=0.18779, z=0
+373000000000.0ns; NODE: 0; POS: x=1295.02, y=761.489, z=0; VEL: x=-5.40056, y=-0.00144179, z=0
+374000000000.0ns; NODE: 0; POS: x=1289.61, y=761.487, z=0; VEL: x=-5.43365, y=-0.442263, z=0
+375000000000.0ns; NODE: 0; POS: x=1284.18, y=761.045, z=0; VEL: x=-6.5284, y=0.278414, z=0
+376000000000.0ns; NODE: 0; POS: x=1277.65, y=761.324, z=0; VEL: x=-5.88548, y=0.494144, z=0
+377000000000.0ns; NODE: 0; POS: x=1271.77, y=761.818, z=0; VEL: x=-5.18496, y=0.442064, z=0
+378000000000.0ns; NODE: 0; POS: x=1266.58, y=762.26, z=0; VEL: x=-5.35505, y=0.565737, z=0
+379000000000.0ns; NODE: 0; POS: x=1261.23, y=762.825, z=0; VEL: x=-5.95729, y=2.80772, z=0
+380000000000.0ns; NODE: 0; POS: x=1255.27, y=765.633, z=0; VEL: x=-4.54173, y=0.649031, z=0
+381000000000.0ns; NODE: 0; POS: x=1250.73, y=766.282, z=0; VEL: x=-3.64861, y=2.53419, z=0
+382000000000.0ns; NODE: 0; POS: x=1247.08, y=768.816, z=0; VEL: x=-2.61329, y=2.42696, z=0
+383000000000.0ns; NODE: 0; POS: x=1244.47, y=771.243, z=0; VEL: x=-1.96895, y=4.0192, z=0
+384000000000.0ns; NODE: 0; POS: x=1242.5, y=775.263, z=0; VEL: x=-1.71776, y=3.63089, z=0
+385000000000.0ns; NODE: 0; POS: x=1240.78, y=778.893, z=0; VEL: x=-1.46982, y=2.91901, z=0
+386000000000.0ns; NODE: 0; POS: x=1239.31, y=781.812, z=0; VEL: x=-1.98806, y=4.90034, z=0
+387000000000.0ns; NODE: 0; POS: x=1237.32, y=786.713, z=0; VEL: x=-1.42749, y=3.9725, z=0
+388000000000.0ns; NODE: 0; POS: x=1235.89, y=790.685, z=0; VEL: x=-1.11449, y=4.121, z=0
+389000000000.0ns; NODE: 0; POS: x=1234.78, y=794.806, z=0; VEL: x=1.42251, y=4.1045, z=0
+390000000000.0ns; NODE: 0; POS: x=1236.2, y=798.911, z=0; VEL: x=0.172206, y=4.70261, z=0
+391000000000.0ns; NODE: 0; POS: x=1236.37, y=803.613, z=0; VEL: x=3.09611, y=4.73402, z=0
+392000000000.0ns; NODE: 0; POS: x=1239.47, y=808.347, z=0; VEL: x=1.15552, y=4.45369, z=0
+393000000000.0ns; NODE: 0; POS: x=1240.63, y=812.801, z=0; VEL: x=2.41681, y=3.65202, z=0
+394000000000.0ns; NODE: 0; POS: x=1243.04, y=816.453, z=0; VEL: x=1.30613, y=3.98619, z=0
+395000000000.0ns; NODE: 0; POS: x=1244.35, y=820.439, z=0; VEL: x=2.11632, y=3.00624, z=0
+396000000000.0ns; NODE: 0; POS: x=1246.47, y=823.446, z=0; VEL: x=2.71561, y=2.67192, z=0
+397000000000.0ns; NODE: 0; POS: x=1249.18, y=826.117, z=0; VEL: x=2.81244, y=2.46823, z=0
+398000000000.0ns; NODE: 0; POS: x=1251.99, y=828.586, z=0; VEL: x=3.3195, y=1.97223, z=0
+399000000000.0ns; NODE: 0; POS: x=1255.31, y=830.558, z=0; VEL: x=3.45991, y=1.73701, z=0
+400000000000.0ns; NODE: 0; POS: x=1258.77, y=832.295, z=0; VEL: x=3.48061, y=1.66428, z=0
+401000000000.0ns; NODE: 0; POS: x=1262.25, y=833.959, z=0; VEL: x=3.70196, y=1.00963, z=0
+402000000000.0ns; NODE: 0; POS: x=1265.96, y=834.969, z=0; VEL: x=3.80756, y=0.444447, z=0
+403000000000.0ns; NODE: 0; POS: x=1269.76, y=835.413, z=0; VEL: x=3.17655, y=0.139852, z=0
+404000000000.0ns; NODE: 0; POS: x=1272.94, y=835.553, z=0; VEL: x=2.73092, y=0.101006, z=0
+405000000000.0ns; NODE: 0; POS: x=1275.67, y=835.654, z=0; VEL: x=2.26785, y=-0.0115091, z=0
+406000000000.0ns; NODE: 0; POS: x=1277.94, y=835.643, z=0; VEL: x=1.94831, y=0.00187084, z=0
+407000000000.0ns; NODE: 0; POS: x=1279.89, y=835.645, z=0; VEL: x=1.8854, y=0.0894372, z=0
+408000000000.0ns; NODE: 0; POS: x=1281.77, y=835.734, z=0; VEL: x=1.35285, y=0.0777064, z=0
+409227037769.0ns; NODE: 0; POS: x=1283.43, y=835.829, z=0; VEL: x=0, y=0, z=0
+420000000000.0ns; NODE: 0; POS: x=1283.43, y=835.829, z=0; VEL: x=-0.018553, y=0.0735253, z=0
+432000760751.0ns; NODE: 0; POS: x=1283.21, y=836.712, z=0; VEL: x=0, y=0, z=0
+445000000000.0ns; NODE: 0; POS: x=1283.21, y=836.712, z=0; VEL: x=0.0454747, y=0.00179327, z=0
+446000000000.0ns; NODE: 0; POS: x=1283.25, y=836.713, z=0; VEL: x=2.31423, y=-0.139168, z=0
+447000000000.0ns; NODE: 0; POS: x=1285.57, y=836.574, z=0; VEL: x=2.08842, y=-0.0825134, z=0
+448000000000.0ns; NODE: 0; POS: x=1287.66, y=836.492, z=0; VEL: x=2.1711, y=0.0341036, z=0
+449000000000.0ns; NODE: 0; POS: x=1289.83, y=836.526, z=0; VEL: x=2.35556, y=0.0794013, z=0
+450000000000.0ns; NODE: 0; POS: x=1292.18, y=836.605, z=0; VEL: x=2.55664, y=0.0809555, z=0
+451000000000.0ns; NODE: 0; POS: x=1294.74, y=836.686, z=0; VEL: x=2.87369, y=0.081571, z=0
+452000000000.0ns; NODE: 0; POS: x=1297.61, y=836.768, z=0; VEL: x=3.18567, y=0.131912, z=0
+453000000000.0ns; NODE: 0; POS: x=1300.8, y=836.9, z=0; VEL: x=3.49385, y=0.341368, z=0
+454000000000.0ns; NODE: 0; POS: x=1304.29, y=837.241, z=0; VEL: x=3.60784, y=0.450979, z=0
+455000000000.0ns; NODE: 0; POS: x=1307.9, y=837.692, z=0; VEL: x=3.57763, y=0.423556, z=0
+456000000000.0ns; NODE: 0; POS: x=1311.48, y=838.116, z=0; VEL: x=3.7882, y=0.523101, z=0
+457000000000.0ns; NODE: 0; POS: x=1315.27, y=838.639, z=0; VEL: x=3.83521, y=0.474047, z=0
+458000000000.0ns; NODE: 0; POS: x=1319.1, y=839.113, z=0; VEL: x=3.67116, y=0.38143, z=0
+459000000000.0ns; NODE: 0; POS: x=1322.77, y=839.494, z=0; VEL: x=3.41691, y=0.215355, z=0
+460000000000.0ns; NODE: 0; POS: x=1326.19, y=839.71, z=0; VEL: x=3.31591, y=0.0386474, z=0
+461000000000.0ns; NODE: 0; POS: x=1329.51, y=839.748, z=0; VEL: x=3.52565, y=-0.00341547, z=0
+462000000000.0ns; NODE: 0; POS: x=1333.03, y=839.745, z=0; VEL: x=3.66322, y=0.0615437, z=0
+463000000000.0ns; NODE: 0; POS: x=1336.7, y=839.806, z=0; VEL: x=3.97088, y=0.283072, z=0
+464000000000.0ns; NODE: 0; POS: x=1340.67, y=840.089, z=0; VEL: x=3.7399, y=0.422006, z=0
+465000000000.0ns; NODE: 0; POS: x=1344.41, y=840.511, z=0; VEL: x=3.42781, y=0.342254, z=0
+466000000000.0ns; NODE: 0; POS: x=1347.83, y=840.854, z=0; VEL: x=3.27982, y=0.225342, z=0
+467000000000.0ns; NODE: 0; POS: x=1351.11, y=841.079, z=0; VEL: x=3.78908, y=0.112796, z=0
+468000000000.0ns; NODE: 0; POS: x=1354.9, y=841.192, z=0; VEL: x=3.99212, y=-0.0494461, z=0
+469000000000.0ns; NODE: 0; POS: x=1358.9, y=841.142, z=0; VEL: x=3.83715, y=-0.0520979, z=0
+470000000000.0ns; NODE: 0; POS: x=1362.73, y=841.09, z=0; VEL: x=3.81467, y=-0.135185, z=0
+471000000000.0ns; NODE: 0; POS: x=1366.55, y=840.955, z=0; VEL: x=3.89794, y=-0.195231, z=0
+472000000000.0ns; NODE: 0; POS: x=1370.45, y=840.76, z=0; VEL: x=4.1255, y=-0.262786, z=0
+473000000000.0ns; NODE: 0; POS: x=1374.57, y=840.497, z=0; VEL: x=4.15504, y=-0.122709, z=0
+474000000000.0ns; NODE: 0; POS: x=1378.73, y=840.374, z=0; VEL: x=4.38268, y=0.076767, z=0
+475000000000.0ns; NODE: 0; POS: x=1383.11, y=840.451, z=0; VEL: x=4.50498, y=0.232956, z=0
+476000000000.0ns; NODE: 0; POS: x=1387.61, y=840.684, z=0; VEL: x=4.56016, y=0.486751, z=0
+477000000000.0ns; NODE: 0; POS: x=1392.17, y=841.171, z=0; VEL: x=4.3637, y=0.472542, z=0
+478000000000.0ns; NODE: 0; POS: x=1396.54, y=841.643, z=0; VEL: x=3.87036, y=0.199715, z=0
+479000000000.0ns; NODE: 0; POS: x=1400.41, y=841.843, z=0; VEL: x=3.7398, y=-0.195106, z=0
+480000000000.0ns; NODE: 0; POS: x=1404.15, y=841.648, z=0; VEL: x=3.17426, y=-0.405411, z=0
+481000000000.0ns; NODE: 0; POS: x=1407.32, y=841.243, z=0; VEL: x=3.07615, y=-0.637443, z=0
+482000000000.0ns; NODE: 0; POS: x=1410.4, y=840.605, z=0; VEL: x=2.62052, y=-0.863694, z=0
+483000000000.0ns; NODE: 0; POS: x=1413.02, y=839.741, z=0; VEL: x=1.9174, y=-0.930607, z=0
+484000000000.0ns; NODE: 0; POS: x=1414.94, y=838.811, z=0; VEL: x=1.74602, y=-1.05461, z=0
+485000000000.0ns; NODE: 0; POS: x=1416.68, y=837.756, z=0; VEL: x=1.77151, y=-1.23405, z=0
+486000000000.0ns; NODE: 0; POS: x=1418.45, y=836.522, z=0; VEL: x=1.59821, y=-1.2198, z=0
+487000000000.0ns; NODE: 0; POS: x=1420.05, y=835.302, z=0; VEL: x=1.59805, y=-1.3972, z=0
+488000000000.0ns; NODE: 0; POS: x=1421.65, y=833.905, z=0; VEL: x=1.43894, y=-1.37, z=0
+489000000000.0ns; NODE: 0; POS: x=1423.09, y=832.535, z=0; VEL: x=1.29385, y=-1.42874, z=0
+490000000000.0ns; NODE: 0; POS: x=1424.38, y=831.106, z=0; VEL: x=1.22664, y=-1.57208, z=0
+491000000000.0ns; NODE: 0; POS: x=1425.61, y=829.534, z=0; VEL: x=1.11375, y=-1.58909, z=0
+492000000000.0ns; NODE: 0; POS: x=1426.72, y=827.945, z=0; VEL: x=0.883612, y=-1.573, z=0
+493000000000.0ns; NODE: 0; POS: x=1427.61, y=826.372, z=0; VEL: x=0.837199, y=-1.59723, z=0
+494000000000.0ns; NODE: 0; POS: x=1428.44, y=824.775, z=0; VEL: x=0.789149, y=-1.73353, z=0
+495000000000.0ns; NODE: 0; POS: x=1429.23, y=823.042, z=0; VEL: x=0.775313, y=-1.9448, z=0
+496000000000.0ns; NODE: 0; POS: x=1430.01, y=821.097, z=0; VEL: x=0.663155, y=-1.87387, z=0
+497000000000.0ns; NODE: 0; POS: x=1430.67, y=819.223, z=0; VEL: x=0.619905, y=-1.82646, z=0
+498000000000.0ns; NODE: 0; POS: x=1431.29, y=817.396, z=0; VEL: x=0.567041, y=-1.77643, z=0
+499000000000.0ns; NODE: 0; POS: x=1431.86, y=815.62, z=0; VEL: x=0.557423, y=-1.36841, z=0
+500000000000.0ns; NODE: 0; POS: x=1432.42, y=814.252, z=0; VEL: x=0.517426, y=-1.23162, z=0
+501000000000.0ns; NODE: 0; POS: x=1432.93, y=813.02, z=0; VEL: x=0.549005, y=-1.03011, z=0
+502830652590.0ns; NODE: 0; POS: x=1433.94, y=811.134, z=0; VEL: x=0, y=0, z=0
+507000000000.0ns; NODE: 0; POS: x=1433.94, y=811.134, z=0; VEL: x=0.0341488, y=-0.290349, z=0
+508000000000.0ns; NODE: 0; POS: x=1433.97, y=810.844, z=0; VEL: x=0.0901097, y=-1.3371, z=0
+509000000000.0ns; NODE: 0; POS: x=1434.06, y=809.507, z=0; VEL: x=0.0265698, y=-1.37104, z=0
+510000000000.0ns; NODE: 0; POS: x=1434.09, y=808.136, z=0; VEL: x=-0.0883919, y=-1.68689, z=0
+511000000000.0ns; NODE: 0; POS: x=1434, y=806.449, z=0; VEL: x=-0.257852, y=-1.83201, z=0
+512000000000.0ns; NODE: 0; POS: x=1433.74, y=804.617, z=0; VEL: x=-0.551941, y=-1.89283, z=0
+513000000000.0ns; NODE: 0; POS: x=1433.19, y=802.724, z=0; VEL: x=-0.689117, y=-1.81045, z=0
+514000000000.0ns; NODE: 0; POS: x=1432.5, y=800.913, z=0; VEL: x=-0.699731, y=-1.70363, z=0
+515000000000.0ns; NODE: 0; POS: x=1431.8, y=799.21, z=0; VEL: x=-0.650799, y=-1.58487, z=0
+516000000000.0ns; NODE: 0; POS: x=1431.15, y=797.625, z=0; VEL: x=-0.774084, y=-1.6513, z=0
+517000000000.0ns; NODE: 0; POS: x=1430.38, y=795.974, z=0; VEL: x=-0.828505, y=-1.69693, z=0
+518000000000.0ns; NODE: 0; POS: x=1429.55, y=794.277, z=0; VEL: x=-0.942699, y=-1.88013, z=0
+519000000000.0ns; NODE: 0; POS: x=1428.61, y=792.397, z=0; VEL: x=-0.982755, y=-2.06777, z=0
+520000000000.0ns; NODE: 0; POS: x=1427.62, y=790.329, z=0; VEL: x=-0.998744, y=-2.24137, z=0
+521000000000.0ns; NODE: 0; POS: x=1426.62, y=788.087, z=0; VEL: x=-1.04103, y=-2.23302, z=0
+522000000000.0ns; NODE: 0; POS: x=1425.58, y=785.854, z=0; VEL: x=-1.22782, y=-2.17845, z=0
+523000000000.0ns; NODE: 0; POS: x=1424.36, y=783.676, z=0; VEL: x=-1.37726, y=-2.19381, z=0
+524000000000.0ns; NODE: 0; POS: x=1422.98, y=781.482, z=0; VEL: x=-1.44941, y=-2.32259, z=0
+525000000000.0ns; NODE: 0; POS: x=1421.53, y=779.16, z=0; VEL: x=-1.84287, y=-2.2237, z=0
+526000000000.0ns; NODE: 0; POS: x=1419.69, y=776.936, z=0; VEL: x=-2.43323, y=-2.02697, z=0
+527000000000.0ns; NODE: 0; POS: x=1417.25, y=774.909, z=0; VEL: x=-2.69964, y=-1.92119, z=0
+528000000000.0ns; NODE: 0; POS: x=1414.55, y=772.988, z=0; VEL: x=-3.18243, y=-2.10387, z=0
+529000000000.0ns; NODE: 0; POS: x=1411.37, y=770.884, z=0; VEL: x=-3.26615, y=-1.99102, z=0
+530000000000.0ns; NODE: 0; POS: x=1408.1, y=768.893, z=0; VEL: x=-3.41145, y=-1.71631, z=0
+531000000000.0ns; NODE: 0; POS: x=1404.69, y=767.177, z=0; VEL: x=-3.89874, y=-1.56849, z=0
+532000000000.0ns; NODE: 0; POS: x=1400.79, y=765.608, z=0; VEL: x=-4.31081, y=-1.24459, z=0
+533000000000.0ns; NODE: 0; POS: x=1396.48, y=764.363, z=0; VEL: x=-4.5177, y=-0.862795, z=0
+534000000000.0ns; NODE: 0; POS: x=1391.97, y=763.501, z=0; VEL: x=-4.63894, y=-0.471533, z=0
+535000000000.0ns; NODE: 0; POS: x=1387.33, y=763.029, z=0; VEL: x=-4.54541, y=-0.155017, z=0
+536000000000.0ns; NODE: 0; POS: x=1382.78, y=762.874, z=0; VEL: x=-4.5046, y=-0.0930274, z=0
+537000000000.0ns; NODE: 0; POS: x=1378.28, y=762.781, z=0; VEL: x=-4.39793, y=0.00720506, z=0
+538000000000.0ns; NODE: 0; POS: x=1373.88, y=762.788, z=0; VEL: x=-4.08215, y=0.0144073, z=0
+539000000000.0ns; NODE: 0; POS: x=1369.8, y=762.803, z=0; VEL: x=-3.83441, y=-0.103462, z=0
+540000000000.0ns; NODE: 0; POS: x=1365.96, y=762.699, z=0; VEL: x=-4.10621, y=-0.14696, z=0
+541000000000.0ns; NODE: 0; POS: x=1361.86, y=762.552, z=0; VEL: x=-4.14764, y=-0.464119, z=0
+542000000000.0ns; NODE: 0; POS: x=1357.71, y=762.088, z=0; VEL: x=-5.86083, y=-0.503131, z=0
+543000000000.0ns; NODE: 0; POS: x=1351.85, y=761.585, z=0; VEL: x=-5.66553, y=-0.0194703, z=0
+544000000000.0ns; NODE: 0; POS: x=1346.18, y=761.566, z=0; VEL: x=-5.8679, y=-0.0123624, z=0
+545000000000.0ns; NODE: 0; POS: x=1340.31, y=761.553, z=0; VEL: x=-5.98581, y=0.042347, z=0
+546000000000.0ns; NODE: 0; POS: x=1334.33, y=761.596, z=0; VEL: x=-5.63662, y=0.696895, z=0
+547000000000.0ns; NODE: 0; POS: x=1328.69, y=762.292, z=0; VEL: x=-6.48056, y=-0.0420362, z=0
+548000000000.0ns; NODE: 0; POS: x=1322.21, y=762.25, z=0; VEL: x=-6.2475, y=0.158791, z=0
+549000000000.0ns; NODE: 0; POS: x=1315.96, y=762.409, z=0; VEL: x=-5.55212, y=0.0119121, z=0
+550000000000.0ns; NODE: 0; POS: x=1310.41, y=762.421, z=0; VEL: x=-5.95582, y=0.163086, z=0
+551000000000.0ns; NODE: 0; POS: x=1304.46, y=762.584, z=0; VEL: x=-4.99376, y=0.424299, z=0
+552000000000.0ns; NODE: 0; POS: x=1299.46, y=763.008, z=0; VEL: x=-4.99871, y=0.377151, z=0
+553000000000.0ns; NODE: 0; POS: x=1294.46, y=763.386, z=0; VEL: x=-5.18323, y=-0.521165, z=0
+554000000000.0ns; NODE: 0; POS: x=1289.28, y=762.864, z=0; VEL: x=-4.65596, y=0.706115, z=0
+555000000000.0ns; NODE: 0; POS: x=1284.62, y=763.571, z=0; VEL: x=-4.80347, y=0.603328, z=0
+556000000000.0ns; NODE: 0; POS: x=1279.82, y=764.174, z=0; VEL: x=-4.70954, y=0.837932, z=0
+557000000000.0ns; NODE: 0; POS: x=1275.11, y=765.012, z=0; VEL: x=-5.02269, y=0.220019, z=0
+558000000000.0ns; NODE: 0; POS: x=1270.09, y=765.232, z=0; VEL: x=-5.68438, y=0.47733, z=0
+559000000000.0ns; NODE: 0; POS: x=1264.4, y=765.709, z=0; VEL: x=-4.29239, y=1.32697, z=0
+560000000000.0ns; NODE: 0; POS: x=1260.11, y=767.036, z=0; VEL: x=-4.46624, y=1.00773, z=0
+561000000000.0ns; NODE: 0; POS: x=1255.65, y=768.044, z=0; VEL: x=-5.02895, y=0.697936, z=0
+562000000000.0ns; NODE: 0; POS: x=1250.62, y=768.742, z=0; VEL: x=-3.98462, y=2.49546, z=0
+563000000000.0ns; NODE: 0; POS: x=1246.63, y=771.237, z=0; VEL: x=-3.95243, y=2.86361, z=0
+564000000000.0ns; NODE: 0; POS: x=1242.68, y=774.101, z=0; VEL: x=-3.77918, y=2.22126, z=0
+565000000000.0ns; NODE: 0; POS: x=1238.9, y=776.322, z=0; VEL: x=-3.24042, y=2.97947, z=0
+566000000000.0ns; NODE: 0; POS: x=1235.66, y=779.302, z=0; VEL: x=-2.43564, y=2.91787, z=0
+567000000000.0ns; NODE: 0; POS: x=1233.22, y=782.219, z=0; VEL: x=-2.2099, y=3.28206, z=0
+568000000000.0ns; NODE: 0; POS: x=1231.01, y=785.502, z=0; VEL: x=-1.3939, y=3.65696, z=0
+569000000000.0ns; NODE: 0; POS: x=1229.62, y=789.159, z=0; VEL: x=-1.12186, y=4.13202, z=0
+570000000000.0ns; NODE: 0; POS: x=1228.5, y=793.291, z=0; VEL: x=-0.79639, y=4.10352, z=0
+571000000000.0ns; NODE: 0; POS: x=1227.7, y=797.394, z=0; VEL: x=-0.512565, y=4.10364, z=0
+572000000000.0ns; NODE: 0; POS: x=1227.19, y=801.498, z=0; VEL: x=0.377129, y=4.38098, z=0
+573000000000.0ns; NODE: 0; POS: x=1227.57, y=805.879, z=0; VEL: x=1.14974, y=4.09975, z=0
+574000000000.0ns; NODE: 0; POS: x=1228.72, y=809.978, z=0; VEL: x=1.67401, y=3.90822, z=0
+575000000000.0ns; NODE: 0; POS: x=1230.39, y=813.887, z=0; VEL: x=2.0145, y=3.69848, z=0
+576000000000.0ns; NODE: 0; POS: x=1232.4, y=817.585, z=0; VEL: x=2.26569, y=3.59096, z=0
+577000000000.0ns; NODE: 0; POS: x=1234.67, y=821.176, z=0; VEL: x=2.55626, y=3.15826, z=0
+578000000000.0ns; NODE: 0; POS: x=1237.23, y=824.334, z=0; VEL: x=2.83156, y=2.97619, z=0
+579000000000.0ns; NODE: 0; POS: x=1240.06, y=827.311, z=0; VEL: x=3.33559, y=2.49187, z=0
+580000000000.0ns; NODE: 0; POS: x=1243.39, y=829.802, z=0; VEL: x=3.45881, y=2.19038, z=0
+581000000000.0ns; NODE: 0; POS: x=1246.85, y=831.993, z=0; VEL: x=3.84921, y=1.88655, z=0
+582000000000.0ns; NODE: 0; POS: x=1250.7, y=833.879, z=0; VEL: x=3.98229, y=1.33098, z=0
+583000000000.0ns; NODE: 0; POS: x=1254.68, y=835.21, z=0; VEL: x=3.80488, y=0.944544, z=0
+584000000000.0ns; NODE: 0; POS: x=1258.49, y=836.155, z=0; VEL: x=3.25536, y=0.475799, z=0
+585000000000.0ns; NODE: 0; POS: x=1261.74, y=836.631, z=0; VEL: x=3.12561, y=0.301113, z=0
+586000000000.0ns; NODE: 0; POS: x=1264.87, y=836.932, z=0; VEL: x=3.08911, y=0.150428, z=0
+587000000000.0ns; NODE: 0; POS: x=1267.96, y=837.082, z=0; VEL: x=3.02468, y=0.0435864, z=0
+588000000000.0ns; NODE: 0; POS: x=1270.98, y=837.126, z=0; VEL: x=2.60101, y=0.041562, z=0
+589000000000.0ns; NODE: 0; POS: x=1273.58, y=837.167, z=0; VEL: x=2.18425, y=-0.0349458, z=0
+590000000000.0ns; NODE: 0; POS: x=1275.77, y=837.132, z=0; VEL: x=1.93725, y=-0.0868909, z=0
+591000000000.0ns; NODE: 0; POS: x=1277.71, y=837.046, z=0; VEL: x=1.81146, y=-0.0213785, z=0
+592000000000.0ns; NODE: 0; POS: x=1279.52, y=837.024, z=0; VEL: x=1.72325, y=0.017971, z=0
+593000000000.0ns; NODE: 0; POS: x=1281.24, y=837.042, z=0; VEL: x=1.17892, y=-0.0364954, z=0
+594672049159.0ns; NODE: 0; POS: x=1283.21, y=836.981, z=0; VEL: x=0, y=0, z=0
+595000000000.0ns; NODE: 0; POS: x=1283.21, y=836.981, z=0; VEL: x=0.558326, y=-0.227005, z=0
+596999996508.0ns; NODE: 0; POS: x=1284.33, y=836.527, z=0; VEL: x=0, y=0, z=0
+606000000000.0ns; NODE: 0; POS: x=1284.33, y=836.527, z=0; VEL: x=-0.077329, y=-0.0390731, z=0
+612000000000.0ns; NODE: 0; POS: x=1283.86, y=836.293, z=0; VEL: x=0.192266, y=-0.0893897, z=0
+614000000000.0ns; NODE: 0; POS: x=1284.25, y=836.114, z=0; VEL: x=0.939391, y=-0.191243, z=0
+615000000000.0ns; NODE: 0; POS: x=1285.19, y=835.923, z=0; VEL: x=1.28099, y=-0.164772, z=0
+616000000000.0ns; NODE: 0; POS: x=1286.47, y=835.758, z=0; VEL: x=1.40352, y=-0.138702, z=0
+617000000000.0ns; NODE: 0; POS: x=1287.87, y=835.619, z=0; VEL: x=1.2817, y=-0.110893, z=0
+618000000000.0ns; NODE: 0; POS: x=1289.16, y=835.508, z=0; VEL: x=1.31906, y=-0.070495, z=0
+619000000000.0ns; NODE: 0; POS: x=1290.47, y=835.438, z=0; VEL: x=1.49775, y=-0.0898845, z=0
+620000000000.0ns; NODE: 0; POS: x=1291.97, y=835.348, z=0; VEL: x=1.51991, y=-0.121468, z=0
+621000000000.0ns; NODE: 0; POS: x=1293.49, y=835.226, z=0; VEL: x=1.5383, y=-0.122923, z=0
+622000000000.0ns; NODE: 0; POS: x=1295.03, y=835.103, z=0; VEL: x=1.70306, y=-0.1804, z=0
+623000000000.0ns; NODE: 0; POS: x=1296.73, y=834.923, z=0; VEL: x=1.98362, y=-0.115118, z=0
+624000000000.0ns; NODE: 0; POS: x=1298.72, y=834.808, z=0; VEL: x=2.11348, y=0.0242266, z=0
+625000000000.0ns; NODE: 0; POS: x=1300.83, y=834.832, z=0; VEL: x=2.09424, y=0.189259, z=0
+626000000000.0ns; NODE: 0; POS: x=1302.92, y=835.021, z=0; VEL: x=2.11376, y=0.273637, z=0
+627000000000.0ns; NODE: 0; POS: x=1305.04, y=835.295, z=0; VEL: x=2.33828, y=0.359321, z=0
+628000000000.0ns; NODE: 0; POS: x=1307.38, y=835.654, z=0; VEL: x=2.47489, y=0.461696, z=0
+629000000000.0ns; NODE: 0; POS: x=1309.85, y=836.116, z=0; VEL: x=2.57876, y=0.469254, z=0
+630000000000.0ns; NODE: 0; POS: x=1312.43, y=836.585, z=0; VEL: x=2.42587, y=0.441142, z=0
+631000000000.0ns; NODE: 0; POS: x=1314.86, y=837.027, z=0; VEL: x=2.58934, y=0.467615, z=0
+632000000000.0ns; NODE: 0; POS: x=1317.45, y=837.494, z=0; VEL: x=2.69421, y=0.423662, z=0
+633000000000.0ns; NODE: 0; POS: x=1320.14, y=837.918, z=0; VEL: x=3.11541, y=0.426252, z=0
+634000000000.0ns; NODE: 0; POS: x=1323.26, y=838.344, z=0; VEL: x=3.15884, y=0.44166, z=0
+635000000000.0ns; NODE: 0; POS: x=1326.41, y=838.786, z=0; VEL: x=3.29388, y=0.442942, z=0
+636000000000.0ns; NODE: 0; POS: x=1329.71, y=839.229, z=0; VEL: x=3.23962, y=0.380503, z=0
+637000000000.0ns; NODE: 0; POS: x=1332.95, y=839.609, z=0; VEL: x=3.05023, y=0.275725, z=0
+638000000000.0ns; NODE: 0; POS: x=1336, y=839.885, z=0; VEL: x=2.96683, y=0.115441, z=0
+639000000000.0ns; NODE: 0; POS: x=1338.96, y=840, z=0; VEL: x=2.99088, y=-0.0361177, z=0
+640000000000.0ns; NODE: 0; POS: x=1341.96, y=839.964, z=0; VEL: x=3.04529, y=-0.087865, z=0
+641000000000.0ns; NODE: 0; POS: x=1345, y=839.876, z=0; VEL: x=3.01596, y=-0.119543, z=0
+642000000000.0ns; NODE: 0; POS: x=1348.02, y=839.757, z=0; VEL: x=3.13384, y=-0.0296781, z=0
+643000000000.0ns; NODE: 0; POS: x=1351.15, y=839.727, z=0; VEL: x=3.0665, y=0.0207494, z=0
+644000000000.0ns; NODE: 0; POS: x=1354.22, y=839.748, z=0; VEL: x=3.05277, y=-0.0286886, z=0
+645000000000.0ns; NODE: 0; POS: x=1357.27, y=839.719, z=0; VEL: x=3.01082, y=-0.0647049, z=0
+646000000000.0ns; NODE: 0; POS: x=1360.28, y=839.654, z=0; VEL: x=3.02465, y=-0.0752747, z=0
+647000000000.0ns; NODE: 0; POS: x=1363.31, y=839.579, z=0; VEL: x=3.05484, y=-0.0589109, z=0
+648000000000.0ns; NODE: 0; POS: x=1366.36, y=839.52, z=0; VEL: x=3.16828, y=-0.181149, z=0
+649000000000.0ns; NODE: 0; POS: x=1369.53, y=839.339, z=0; VEL: x=3.45528, y=-0.161047, z=0
+650000000000.0ns; NODE: 0; POS: x=1372.98, y=839.178, z=0; VEL: x=3.51758, y=-0.0851334, z=0
+651000000000.0ns; NODE: 0; POS: x=1376.5, y=839.093, z=0; VEL: x=3.22031, y=-0.0732629, z=0
+652000000000.0ns; NODE: 0; POS: x=1379.72, y=839.02, z=0; VEL: x=3.15427, y=-0.0929871, z=0
+653000000000.0ns; NODE: 0; POS: x=1382.88, y=838.927, z=0; VEL: x=2.95716, y=-0.200006, z=0
+654000000000.0ns; NODE: 0; POS: x=1385.83, y=838.727, z=0; VEL: x=2.99624, y=-0.252504, z=0
+655000000000.0ns; NODE: 0; POS: x=1388.83, y=838.474, z=0; VEL: x=2.99871, y=-0.261945, z=0
+656000000000.0ns; NODE: 0; POS: x=1391.83, y=838.212, z=0; VEL: x=3.12025, y=-0.251682, z=0
+657000000000.0ns; NODE: 0; POS: x=1394.95, y=837.961, z=0; VEL: x=3.09324, y=-0.284747, z=0
+658000000000.0ns; NODE: 0; POS: x=1398.04, y=837.676, z=0; VEL: x=3.14269, y=-0.477796, z=0
+659000000000.0ns; NODE: 0; POS: x=1401.18, y=837.198, z=0; VEL: x=3.08208, y=-0.689331, z=0
+660000000000.0ns; NODE: 0; POS: x=1404.27, y=836.509, z=0; VEL: x=2.98649, y=-0.856012, z=0
+661000000000.0ns; NODE: 0; POS: x=1407.25, y=835.653, z=0; VEL: x=2.90251, y=-1.07142, z=0
+662000000000.0ns; NODE: 0; POS: x=1410.16, y=834.581, z=0; VEL: x=2.55197, y=-1.15897, z=0
+663000000000.0ns; NODE: 0; POS: x=1412.71, y=833.422, z=0; VEL: x=2.42668, y=-1.22197, z=0
+664000000000.0ns; NODE: 0; POS: x=1415.13, y=832.2, z=0; VEL: x=2.23362, y=-1.16253, z=0
+665000000000.0ns; NODE: 0; POS: x=1417.37, y=831.038, z=0; VEL: x=2.02401, y=-1.19876, z=0
+666000000000.0ns; NODE: 0; POS: x=1419.39, y=829.839, z=0; VEL: x=1.84986, y=-1.41578, z=0
+667000000000.0ns; NODE: 0; POS: x=1421.24, y=828.423, z=0; VEL: x=1.74485, y=-1.57924, z=0
+668000000000.0ns; NODE: 0; POS: x=1422.99, y=826.844, z=0; VEL: x=1.11759, y=-1.32947, z=0
+669000000000.0ns; NODE: 0; POS: x=1424.1, y=825.515, z=0; VEL: x=0.846914, y=-1.04431, z=0
+670000000000.0ns; NODE: 0; POS: x=1424.95, y=824.47, z=0; VEL: x=0.651588, y=-0.888641, z=0
+671000000000.0ns; NODE: 0; POS: x=1425.6, y=823.582, z=0; VEL: x=0.718648, y=-0.98388, z=0
+672000000000.0ns; NODE: 0; POS: x=1426.32, y=822.598, z=0; VEL: x=0.723294, y=-1.09188, z=0
+673000000000.0ns; NODE: 0; POS: x=1427.04, y=821.506, z=0; VEL: x=0.70673, y=-1.25125, z=0
+674000000000.0ns; NODE: 0; POS: x=1427.75, y=820.255, z=0; VEL: x=0.628567, y=-1.30115, z=0
+675000000000.0ns; NODE: 0; POS: x=1428.38, y=818.953, z=0; VEL: x=0.758266, y=-1.5305, z=0
+676000000000.0ns; NODE: 0; POS: x=1429.14, y=817.423, z=0; VEL: x=0.742297, y=-1.49241, z=0
+677000000000.0ns; NODE: 0; POS: x=1429.88, y=815.931, z=0; VEL: x=0.828682, y=-1.63446, z=0
+678000000000.0ns; NODE: 0; POS: x=1430.71, y=814.296, z=0; VEL: x=0.754851, y=-1.48924, z=0
+679000000000.0ns; NODE: 0; POS: x=1431.46, y=812.807, z=0; VEL: x=0.582688, y=-1.33985, z=0
+680000000000.0ns; NODE: 0; POS: x=1432.05, y=811.467, z=0; VEL: x=0.467285, y=-1.25685, z=0
+681000000000.0ns; NODE: 0; POS: x=1432.51, y=810.21, z=0; VEL: x=0.280169, y=-1.3932, z=0
+682000000000.0ns; NODE: 0; POS: x=1432.79, y=808.817, z=0; VEL: x=0.0803917, y=-1.50681, z=0
+683000000000.0ns; NODE: 0; POS: x=1432.87, y=807.31, z=0; VEL: x=-0.0405062, y=-1.51016, z=0
+684000000000.0ns; NODE: 0; POS: x=1432.83, y=805.8, z=0; VEL: x=-0.0849069, y=-1.3134, z=0
+685000000000.0ns; NODE: 0; POS: x=1432.75, y=804.487, z=0; VEL: x=-0.168076, y=-1.34555, z=0
+686000000000.0ns; NODE: 0; POS: x=1432.58, y=803.141, z=0; VEL: x=-0.187579, y=-1.50109, z=0
+687000000000.0ns; NODE: 0; POS: x=1432.39, y=801.64, z=0; VEL: x=-0.150734, y=-1.61842, z=0
+688000000000.0ns; NODE: 0; POS: x=1432.24, y=800.021, z=0; VEL: x=-0.0624908, y=-1.69455, z=0
+689000000000.0ns; NODE: 0; POS: x=1432.18, y=798.327, z=0; VEL: x=-0.055829, y=-1.84698, z=0
+690000000000.0ns; NODE: 0; POS: x=1432.12, y=796.48, z=0; VEL: x=-0.105714, y=-1.98138, z=0
+691000000000.0ns; NODE: 0; POS: x=1432.02, y=794.499, z=0; VEL: x=-0.18021, y=-2.25604, z=0
+692000000000.0ns; NODE: 0; POS: x=1431.84, y=792.243, z=0; VEL: x=-0.208356, y=-2.10045, z=0
+693000000000.0ns; NODE: 0; POS: x=1431.63, y=790.142, z=0; VEL: x=-0.329348, y=-1.83643, z=0
+694000000000.0ns; NODE: 0; POS: x=1431.3, y=788.306, z=0; VEL: x=-0.251717, y=-2.16935, z=0
+695000000000.0ns; NODE: 0; POS: x=1431.05, y=786.136, z=0; VEL: x=-0.321225, y=-2.26772, z=0
+696000000000.0ns; NODE: 0; POS: x=1430.73, y=783.869, z=0; VEL: x=-0.506188, y=-2.27726, z=0
+697000000000.0ns; NODE: 0; POS: x=1430.22, y=781.591, z=0; VEL: x=-0.73678, y=-2.18166, z=0
+698000000000.0ns; NODE: 0; POS: x=1429.48, y=779.41, z=0; VEL: x=-1.0941, y=-2.01652, z=0
+699000000000.0ns; NODE: 0; POS: x=1428.39, y=777.393, z=0; VEL: x=-1.25524, y=-1.74553, z=0
+700000000000.0ns; NODE: 0; POS: x=1427.14, y=775.648, z=0; VEL: x=-1.31552, y=-1.63505, z=0
+701000000000.0ns; NODE: 0; POS: x=1425.82, y=774.013, z=0; VEL: x=-1.38771, y=-1.54093, z=0
+702000000000.0ns; NODE: 0; POS: x=1424.43, y=772.472, z=0; VEL: x=-1.53114, y=-1.38856, z=0
+703000000000.0ns; NODE: 0; POS: x=1422.9, y=771.083, z=0; VEL: x=-1.62945, y=-1.21046, z=0
+704000000000.0ns; NODE: 0; POS: x=1421.27, y=769.873, z=0; VEL: x=-2.06959, y=-1.18788, z=0
+705000000000.0ns; NODE: 0; POS: x=1419.2, y=768.685, z=0; VEL: x=-2.32337, y=-1.01174, z=0
+706000000000.0ns; NODE: 0; POS: x=1416.88, y=767.673, z=0; VEL: x=-2.51752, y=-1.02078, z=0
+707000000000.0ns; NODE: 0; POS: x=1414.36, y=766.652, z=0; VEL: x=-2.53037, y=-0.899293, z=0
+708000000000.0ns; NODE: 0; POS: x=1411.83, y=765.753, z=0; VEL: x=-2.61758, y=-0.788557, z=0
+709000000000.0ns; NODE: 0; POS: x=1409.21, y=764.964, z=0; VEL: x=-2.71793, y=-0.802756, z=0
+710000000000.0ns; NODE: 0; POS: x=1406.49, y=764.162, z=0; VEL: x=-2.50101, y=-0.902141, z=0
+711000000000.0ns; NODE: 0; POS: x=1403.99, y=763.259, z=0; VEL: x=-2.76478, y=-0.989893, z=0
+712000000000.0ns; NODE: 0; POS: x=1401.23, y=762.27, z=0; VEL: x=-2.43023, y=-0.662114, z=0
+713000000000.0ns; NODE: 0; POS: x=1398.8, y=761.607, z=0; VEL: x=-2.24849, y=-0.310495, z=0
+714000000000.0ns; NODE: 0; POS: x=1396.55, y=761.297, z=0; VEL: x=-2.44613, y=0.0153455, z=0
+715000000000.0ns; NODE: 0; POS: x=1394.1, y=761.312, z=0; VEL: x=-2.78184, y=0.325885, z=0
+716000000000.0ns; NODE: 0; POS: x=1391.32, y=761.638, z=0; VEL: x=-2.72994, y=0.418549, z=0
+717000000000.0ns; NODE: 0; POS: x=1388.59, y=762.057, z=0; VEL: x=-2.99518, y=0.385411, z=0
+718000000000.0ns; NODE: 0; POS: x=1385.6, y=762.442, z=0; VEL: x=-3.22941, y=0.241358, z=0
+719000000000.0ns; NODE: 0; POS: x=1382.37, y=762.684, z=0; VEL: x=-3.21955, y=0.0784477, z=0
+720000000000.0ns; NODE: 0; POS: x=1379.15, y=762.762, z=0; VEL: x=-3.40861, y=0.0565701, z=0
+721000000000.0ns; NODE: 0; POS: x=1375.74, y=762.819, z=0; VEL: x=-3.26147, y=-0.164583, z=0
+722000000000.0ns; NODE: 0; POS: x=1372.48, y=762.654, z=0; VEL: x=-3.3114, y=-0.249996, z=0
+723000000000.0ns; NODE: 0; POS: x=1369.17, y=762.404, z=0; VEL: x=-2.95856, y=0.159583, z=0
+724000000000.0ns; NODE: 0; POS: x=1366.21, y=762.564, z=0; VEL: x=-3.51224, y=0.45409, z=0
+725000000000.0ns; NODE: 0; POS: x=1362.7, y=763.018, z=0; VEL: x=-3.9285, y=-0.063204, z=0
+726000000000.0ns; NODE: 0; POS: x=1358.77, y=762.954, z=0; VEL: x=-3.95508, y=0.25392, z=0
+727000000000.0ns; NODE: 0; POS: x=1354.81, y=763.208, z=0; VEL: x=-4.1617, y=0.205057, z=0
+728000000000.0ns; NODE: 0; POS: x=1350.65, y=763.413, z=0; VEL: x=-4.52498, y=-0.21756, z=0
+729000000000.0ns; NODE: 0; POS: x=1346.13, y=763.196, z=0; VEL: x=-4.4947, y=-0.169751, z=0
+730000000000.0ns; NODE: 0; POS: x=1341.63, y=763.026, z=0; VEL: x=-4.06962, y=-0.196895, z=0
+731000000000.0ns; NODE: 0; POS: x=1337.56, y=762.829, z=0; VEL: x=-3.81801, y=-0.164604, z=0
+732000000000.0ns; NODE: 0; POS: x=1333.74, y=762.665, z=0; VEL: x=-3.89521, y=-0.0594639, z=0
+733000000000.0ns; NODE: 0; POS: x=1329.85, y=762.605, z=0; VEL: x=-4.04313, y=-0.022092, z=0
+734000000000.0ns; NODE: 0; POS: x=1325.81, y=762.583, z=0; VEL: x=-3.93496, y=-0.0806888, z=0
+735000000000.0ns; NODE: 0; POS: x=1321.87, y=762.502, z=0; VEL: x=-3.87461, y=-0.139174, z=0
+736000000000.0ns; NODE: 0; POS: x=1318, y=762.363, z=0; VEL: x=-3.88362, y=-0.133389, z=0
+737000000000.0ns; NODE: 0; POS: x=1314.11, y=762.23, z=0; VEL: x=-3.88379, y=-0.045094, z=0
+738000000000.0ns; NODE: 0; POS: x=1310.23, y=762.185, z=0; VEL: x=-3.91688, y=-0.0307156, z=0
+739000000000.0ns; NODE: 0; POS: x=1306.31, y=762.154, z=0; VEL: x=-3.80701, y=0.0508404, z=0
+740000000000.0ns; NODE: 0; POS: x=1302.5, y=762.205, z=0; VEL: x=-3.78569, y=0.0461338, z=0
+741000000000.0ns; NODE: 0; POS: x=1298.72, y=762.251, z=0; VEL: x=-3.78133, y=0.0771696, z=0
+742000000000.0ns; NODE: 0; POS: x=1294.94, y=762.328, z=0; VEL: x=-3.63768, y=0.0268298, z=0
+743000000000.0ns; NODE: 0; POS: x=1291.3, y=762.355, z=0; VEL: x=-3.6963, y=0.069858, z=0
+744000000000.0ns; NODE: 0; POS: x=1287.6, y=762.425, z=0; VEL: x=-3.30008, y=0.0360247, z=0
+745000000000.0ns; NODE: 0; POS: x=1284.3, y=762.461, z=0; VEL: x=-3.20903, y=0.0340991, z=0
+746000000000.0ns; NODE: 0; POS: x=1281.09, y=762.495, z=0; VEL: x=-3.23331, y=0.117774, z=0
+747000000000.0ns; NODE: 0; POS: x=1277.86, y=762.613, z=0; VEL: x=-3.27692, y=0.146236, z=0
+748000000000.0ns; NODE: 0; POS: x=1274.58, y=762.759, z=0; VEL: x=-2.97368, y=0.224186, z=0
+749000000000.0ns; NODE: 0; POS: x=1271.61, y=762.983, z=0; VEL: x=-2.94728, y=0.200568, z=0
+750000000000.0ns; NODE: 0; POS: x=1268.66, y=763.184, z=0; VEL: x=-2.96247, y=0.123316, z=0
+751000000000.0ns; NODE: 0; POS: x=1265.7, y=763.307, z=0; VEL: x=-3.00847, y=0.203094, z=0
+752000000000.0ns; NODE: 0; POS: x=1262.69, y=763.51, z=0; VEL: x=-3.00684, y=0.413253, z=0
+753000000000.0ns; NODE: 0; POS: x=1259.69, y=763.923, z=0; VEL: x=-2.94698, y=0.600454, z=0
+754000000000.0ns; NODE: 0; POS: x=1256.74, y=764.524, z=0; VEL: x=-2.68668, y=0.612097, z=0
+755000000000.0ns; NODE: 0; POS: x=1254.05, y=765.136, z=0; VEL: x=-2.64275, y=0.789292, z=0
+756000000000.0ns; NODE: 0; POS: x=1251.41, y=765.925, z=0; VEL: x=-2.44404, y=0.651623, z=0
+757000000000.0ns; NODE: 0; POS: x=1248.96, y=766.577, z=0; VEL: x=-2.22458, y=0.596635, z=0
+758000000000.0ns; NODE: 0; POS: x=1246.74, y=767.173, z=0; VEL: x=-2.07496, y=0.71618, z=0
+759000000000.0ns; NODE: 0; POS: x=1244.67, y=767.89, z=0; VEL: x=-2.35797, y=1.55879, z=0
+760000000000.0ns; NODE: 0; POS: x=1242.31, y=769.448, z=0; VEL: x=-2.66666, y=1.9663, z=0
+761000000000.0ns; NODE: 0; POS: x=1239.64, y=771.415, z=0; VEL: x=-2.37735, y=1.75814, z=0
+762000000000.0ns; NODE: 0; POS: x=1237.26, y=773.173, z=0; VEL: x=-1.93789, y=1.78429, z=0
+763000000000.0ns; NODE: 0; POS: x=1235.33, y=774.957, z=0; VEL: x=-1.70778, y=2.00737, z=0
+764000000000.0ns; NODE: 0; POS: x=1233.62, y=776.965, z=0; VEL: x=-1.24087, y=2.11606, z=0
+765000000000.0ns; NODE: 0; POS: x=1232.38, y=779.081, z=0; VEL: x=-0.820597, y=2.22017, z=0
+766000000000.0ns; NODE: 0; POS: x=1231.56, y=781.301, z=0; VEL: x=-0.797834, y=2.34668, z=0
+767000000000.0ns; NODE: 0; POS: x=1230.76, y=783.647, z=0; VEL: x=-0.78306, y=2.44762, z=0
+768000000000.0ns; NODE: 0; POS: x=1229.98, y=786.095, z=0; VEL: x=-0.423744, y=2.42513, z=0
+769000000000.0ns; NODE: 0; POS: x=1229.55, y=788.52, z=0; VEL: x=0.246879, y=2.41314, z=0
+770000000000.0ns; NODE: 0; POS: x=1229.8, y=790.933, z=0; VEL: x=0.364915, y=2.69953, z=0
+771000000000.0ns; NODE: 0; POS: x=1230.16, y=793.633, z=0; VEL: x=0.517477, y=2.66838, z=0
+772000000000.0ns; NODE: 0; POS: x=1230.68, y=796.301, z=0; VEL: x=0.740692, y=2.82751, z=0
+773000000000.0ns; NODE: 0; POS: x=1231.42, y=799.129, z=0; VEL: x=1.01242, y=3.00259, z=0
+774000000000.0ns; NODE: 0; POS: x=1232.43, y=802.131, z=0; VEL: x=1.32107, y=3.02637, z=0
+775000000000.0ns; NODE: 0; POS: x=1233.75, y=805.158, z=0; VEL: x=1.53804, y=2.77419, z=0
+776000000000.0ns; NODE: 0; POS: x=1235.29, y=807.932, z=0; VEL: x=1.63572, y=2.46173, z=0
+777000000000.0ns; NODE: 0; POS: x=1236.93, y=810.394, z=0; VEL: x=1.78749, y=2.38557, z=0
+778000000000.0ns; NODE: 0; POS: x=1238.72, y=812.779, z=0; VEL: x=1.68151, y=2.25729, z=0
+779000000000.0ns; NODE: 0; POS: x=1240.4, y=815.036, z=0; VEL: x=1.74947, y=2.28374, z=0
+780000000000.0ns; NODE: 0; POS: x=1242.15, y=817.32, z=0; VEL: x=1.8055, y=2.17963, z=0
+781000000000.0ns; NODE: 0; POS: x=1243.95, y=819.5, z=0; VEL: x=1.69091, y=1.84806, z=0
+782000000000.0ns; NODE: 0; POS: x=1245.64, y=821.348, z=0; VEL: x=1.72526, y=1.72803, z=0
+783000000000.0ns; NODE: 0; POS: x=1247.37, y=823.076, z=0; VEL: x=2.00461, y=1.88237, z=0
+784000000000.0ns; NODE: 0; POS: x=1249.37, y=824.958, z=0; VEL: x=1.94808, y=1.77791, z=0
+785000000000.0ns; NODE: 0; POS: x=1251.32, y=826.736, z=0; VEL: x=1.69695, y=1.60354, z=0
+786000000000.0ns; NODE: 0; POS: x=1253.02, y=828.34, z=0; VEL: x=1.3884, y=1.44333, z=0
+787000000000.0ns; NODE: 0; POS: x=1254.41, y=829.783, z=0; VEL: x=1.33444, y=1.29117, z=0
+788000000000.0ns; NODE: 0; POS: x=1255.74, y=831.074, z=0; VEL: x=1.53906, y=1.21445, z=0
+789000000000.0ns; NODE: 0; POS: x=1257.28, y=832.289, z=0; VEL: x=1.73775, y=0.999658, z=0
+790000000000.0ns; NODE: 0; POS: x=1259.02, y=833.288, z=0; VEL: x=1.7105, y=0.770087, z=0
+791000000000.0ns; NODE: 0; POS: x=1260.73, y=834.058, z=0; VEL: x=1.81759, y=0.692174, z=0
+792000000000.0ns; NODE: 0; POS: x=1262.55, y=834.751, z=0; VEL: x=2.03013, y=0.595328, z=0
+793000000000.0ns; NODE: 0; POS: x=1264.58, y=835.346, z=0; VEL: x=2.30456, y=0.425059, z=0
+794000000000.0ns; NODE: 0; POS: x=1266.88, y=835.771, z=0; VEL: x=2.18747, y=0.29774, z=0
+795000000000.0ns; NODE: 0; POS: x=1269.07, y=836.069, z=0; VEL: x=2.1167, y=0.245563, z=0
+796000000000.0ns; NODE: 0; POS: x=1271.18, y=836.314, z=0; VEL: x=2.09566, y=0.16937, z=0
+797000000000.0ns; NODE: 0; POS: x=1273.28, y=836.484, z=0; VEL: x=2.20357, y=0.135051, z=0
+798000000000.0ns; NODE: 0; POS: x=1275.48, y=836.619, z=0; VEL: x=2.25572, y=0.0601443, z=0
+799000000000.0ns; NODE: 0; POS: x=1277.74, y=836.679, z=0; VEL: x=2.33514, y=-0.0356089, z=0
+800000000000.0ns; NODE: 0; POS: x=1280.08, y=836.643, z=0; VEL: x=2.29256, y=-0.0538096, z=0
+801000000000.0ns; NODE: 0; POS: x=1282.37, y=836.589, z=0; VEL: x=2.48326, y=-0.189134, z=0
+802000000000.0ns; NODE: 0; POS: x=1284.85, y=836.4, z=0; VEL: x=2.14744, y=-0.176103, z=0
+803000000000.0ns; NODE: 0; POS: x=1287, y=836.224, z=0; VEL: x=2.17575, y=-0.198856, z=0
+804000000000.0ns; NODE: 0; POS: x=1289.17, y=836.025, z=0; VEL: x=2.57268, y=-0.00353139, z=0
+805000000000.0ns; NODE: 0; POS: x=1291.75, y=836.022, z=0; VEL: x=2.3981, y=0.0424222, z=0
+806000000000.0ns; NODE: 0; POS: x=1294.14, y=836.064, z=0; VEL: x=2.18317, y=0.000128626, z=0
+807000000000.0ns; NODE: 0; POS: x=1296.33, y=836.064, z=0; VEL: x=2.33666, y=-0.101165, z=0
+808000000000.0ns; NODE: 0; POS: x=1298.66, y=835.963, z=0; VEL: x=2.65146, y=-0.164106, z=0
+809000000000.0ns; NODE: 0; POS: x=1301.32, y=835.799, z=0; VEL: x=2.81352, y=-0.170346, z=0
+810000000000.0ns; NODE: 0; POS: x=1304.13, y=835.629, z=0; VEL: x=2.74117, y=-0.234027, z=0
+811000000000.0ns; NODE: 0; POS: x=1306.87, y=835.395, z=0; VEL: x=3.05656, y=-0.207493, z=0
+812000000000.0ns; NODE: 0; POS: x=1309.93, y=835.187, z=0; VEL: x=3.15688, y=-0.123451, z=0
+813000000000.0ns; NODE: 0; POS: x=1313.08, y=835.064, z=0; VEL: x=3.28454, y=-0.0913898, z=0
+814000000000.0ns; NODE: 0; POS: x=1316.37, y=834.972, z=0; VEL: x=3.40666, y=-0.157679, z=0
+815000000000.0ns; NODE: 0; POS: x=1319.78, y=834.815, z=0; VEL: x=3.70259, y=0.0192396, z=0
+816000000000.0ns; NODE: 0; POS: x=1323.48, y=834.834, z=0; VEL: x=3.27511, y=0.161292, z=0
+817000000000.0ns; NODE: 0; POS: x=1326.75, y=834.995, z=0; VEL: x=3.4056, y=0.270476, z=0
+818000000000.0ns; NODE: 0; POS: x=1330.16, y=835.266, z=0; VEL: x=3.76133, y=0.239377, z=0
+819000000000.0ns; NODE: 0; POS: x=1333.92, y=835.505, z=0; VEL: x=3.37218, y=0.097795, z=0
+820000000000.0ns; NODE: 0; POS: x=1337.29, y=835.603, z=0; VEL: x=3.34393, y=0.0590208, z=0
+821000000000.0ns; NODE: 0; POS: x=1340.64, y=835.662, z=0; VEL: x=3.17864, y=0.0504897, z=0
+822000000000.0ns; NODE: 0; POS: x=1343.81, y=835.712, z=0; VEL: x=2.96516, y=0.0865721, z=0
+823261517346.0ns; NODE: 0; POS: x=1347.56, y=835.822, z=0; VEL: x=0, y=0, z=0
+837000000000.0ns; NODE: 0; POS: x=1347.56, y=835.822, z=0; VEL: x=2.58437, y=0.0299614, z=0
+838000000000.0ns; NODE: 0; POS: x=1350.14, y=835.852, z=0; VEL: x=3.45169, y=0.0500999, z=0
+839000000000.0ns; NODE: 0; POS: x=1353.59, y=835.902, z=0; VEL: x=2.31159, y=0.0324189, z=0
+840000000000.0ns; NODE: 0; POS: x=1355.9, y=835.934, z=0; VEL: x=2.35198, y=0.0340731, z=0
+841000000000.0ns; NODE: 0; POS: x=1358.26, y=835.968, z=0; VEL: x=2.56194, y=0.0329123, z=0
+842000000000.0ns; NODE: 0; POS: x=1360.82, y=836.001, z=0; VEL: x=2.69632, y=0.0237203, z=0
+843000000000.0ns; NODE: 0; POS: x=1363.51, y=836.025, z=0; VEL: x=2.67095, y=0.00464211, z=0
+844000000000.0ns; NODE: 0; POS: x=1366.18, y=836.029, z=0; VEL: x=2.48998, y=-0.0430395, z=0
+845000000000.0ns; NODE: 0; POS: x=1368.67, y=835.986, z=0; VEL: x=2.0967, y=-0.0823222, z=0
+846000000000.0ns; NODE: 0; POS: x=1370.77, y=835.904, z=0; VEL: x=2.6326, y=-0.168541, z=0
+847000000000.0ns; NODE: 0; POS: x=1373.4, y=835.736, z=0; VEL: x=2.85489, y=-0.273547, z=0
+848000000000.0ns; NODE: 0; POS: x=1376.26, y=835.462, z=0; VEL: x=2.58607, y=-0.33143, z=0
+849000000000.0ns; NODE: 0; POS: x=1378.84, y=835.131, z=0; VEL: x=2.42205, y=-0.403271, z=0
+850000000000.0ns; NODE: 0; POS: x=1381.27, y=834.727, z=0; VEL: x=2.75041, y=-0.57831, z=0
+851000000000.0ns; NODE: 0; POS: x=1384.02, y=834.149, z=0; VEL: x=2.87152, y=-0.732092, z=0
+852000000000.0ns; NODE: 0; POS: x=1386.89, y=833.417, z=0; VEL: x=2.83116, y=-0.850457, z=0
+853000000000.0ns; NODE: 0; POS: x=1389.72, y=832.566, z=0; VEL: x=2.74482, y=-0.954608, z=0
+854000000000.0ns; NODE: 0; POS: x=1392.46, y=831.612, z=0; VEL: x=2.68193, y=-1.04924, z=0
+855000000000.0ns; NODE: 0; POS: x=1395.15, y=830.563, z=0; VEL: x=2.63469, y=-1.14605, z=0
+856000000000.0ns; NODE: 0; POS: x=1397.78, y=829.417, z=0; VEL: x=2.25911, y=-1.0739, z=0
+857000000000.0ns; NODE: 0; POS: x=1400.04, y=828.343, z=0; VEL: x=1.79133, y=-0.913791, z=0
+858000000000.0ns; NODE: 0; POS: x=1401.83, y=827.429, z=0; VEL: x=1.48178, y=-0.799228, z=0
+859000000000.0ns; NODE: 0; POS: x=1403.31, y=826.63, z=0; VEL: x=1.34133, y=-0.766825, z=0
+860000000000.0ns; NODE: 0; POS: x=1404.65, y=825.863, z=0; VEL: x=0.947495, y=-0.566571, z=0
+862000000000.0ns; NODE: 0; POS: x=1406.55, y=824.73, z=0; VEL: x=0.408976, y=-0.242881, z=0
+868000000000.0ns; NODE: 0; POS: x=1409, y=823.272, z=0; VEL: x=0.129717, y=-0.0780535, z=0
